05-Nov-2016 06:19:42.500 INFO [Thread-5] org.apache.coyote.AbstractProtocol.pause Pausing ProtocolHandler ["http-nio-80"]
05-Nov-2016 06:19:43.687 INFO [Thread-5] org.apache.coyote.AbstractProtocol.pause Pausing ProtocolHandler ["ajp-nio-8009"]
05-Nov-2016 06:19:43.750 INFO [Thread-5] org.apache.catalina.core.StandardService.stopInternal Stopping service Catalina
05-Nov-2016 06:19:45.453 INFO [Thread-5] org.apache.coyote.AbstractProtocol.stop Stopping ProtocolHandler ["http-nio-80"]
05-Nov-2016 06:19:46.015 INFO [Thread-5] org.apache.coyote.AbstractProtocol.stop Stopping ProtocolHandler ["ajp-nio-8009"]
05-Nov-2016 06:19:46.140 INFO [Thread-5] org.apache.coyote.AbstractProtocol.destroy Destroying ProtocolHandler ["http-nio-80"]
05-Nov-2016 06:19:46.312 INFO [Thread-5] org.apache.coyote.AbstractProtocol.destroy Destroying ProtocolHandler ["ajp-nio-8009"]
05-Nov-2016 07:28:50.484 INFO [main] org.apache.catalina.startup.VersionLoggerListener.log Server version:        Apache Tomcat/8.5.6
05-Nov-2016 07:28:50.484 INFO [main] org.apache.catalina.startup.VersionLoggerListener.log Server built:          Oct 6 2016 20:15:31 UTC
05-Nov-2016 07:28:50.484 INFO [main] org.apache.catalina.startup.VersionLoggerListener.log Server number:         8.5.6.0
05-Nov-2016 07:28:50.484 INFO [main] org.apache.catalina.startup.VersionLoggerListener.log OS Name:               Windows XP
05-Nov-2016 07:28:50.484 INFO [main] org.apache.catalina.startup.VersionLoggerListener.log OS Version:            5.1
05-Nov-2016 07:28:50.484 INFO [main] org.apache.catalina.startup.VersionLoggerListener.log Architecture:          x86
05-Nov-2016 07:28:50.484 INFO [main] org.apache.catalina.startup.VersionLoggerListener.log Java Home:             C:\Program Files\Java\jdk1.7.0_51\jre
05-Nov-2016 07:28:50.484 INFO [main] org.apache.catalina.startup.VersionLoggerListener.log JVM Version:           1.7.0_51-b13
05-Nov-2016 07:28:50.484 INFO [main] org.apache.catalina.startup.VersionLoggerListener.log JVM Vendor:            Oracle Corporation
05-Nov-2016 07:28:50.500 INFO [main] org.apache.catalina.startup.VersionLoggerListener.log CATALINA_BASE:         D:\ariezz\SoftServe_java\testservlet\apache-tomcat-8.5.6
05-Nov-2016 07:28:50.500 INFO [main] org.apache.catalina.startup.VersionLoggerListener.log CATALINA_HOME:         D:\ariezz\SoftServe_java\testservlet\apache-tomcat-8.5.6
05-Nov-2016 07:28:50.500 INFO [main] org.apache.catalina.startup.VersionLoggerListener.log Command line argument: -Djdk.tls.ephemeralDHKeySize=2048
05-Nov-2016 07:28:50.500 INFO [main] org.apache.catalina.startup.VersionLoggerListener.log Command line argument: -Djava.protocol.handler.pkgs=org.apache.catalina.webresources
05-Nov-2016 07:28:50.500 INFO [main] org.apache.catalina.startup.VersionLoggerListener.log Command line argument: -Djava.util.logging.config.file=D:\ariezz\SoftServe_java\testservlet\apache-tomcat-8.5.6\conf\logging.properties
05-Nov-2016 07:28:50.500 INFO [main] org.apache.catalina.startup.VersionLoggerListener.log Command line argument: -Djava.util.logging.manager=org.apache.juli.ClassLoaderLogManager
05-Nov-2016 07:28:50.500 INFO [main] org.apache.catalina.startup.VersionLoggerListener.log Command line argument: -Dcatalina.base=D:\ariezz\SoftServe_java\testservlet\apache-tomcat-8.5.6
05-Nov-2016 07:28:50.500 INFO [main] org.apache.catalina.startup.VersionLoggerListener.log Command line argument: -Dcatalina.home=D:\ariezz\SoftServe_java\testservlet\apache-tomcat-8.5.6
05-Nov-2016 07:28:50.515 INFO [main] org.apache.catalina.startup.VersionLoggerListener.log Command line argument: -Djava.io.tmpdir=D:\ariezz\SoftServe_java\testservlet\apache-tomcat-8.5.6\temp
05-Nov-2016 07:28:50.515 INFO [main] org.apache.catalina.core.AprLifecycleListener.lifecycleEvent The APR based Apache Tomcat Native library which allows optimal performance in production environments was not found on the java.library.path: C:\Program Files\Java\jdk1.7.0_51\bin;C:\WINDOWS\Sun\Java\bin;C:\WINDOWS\system32;C:\WINDOWS;C:\Documents and Settings\All Users\Application Data\Oracle\Java\javapath;C:\WINDOWS\system32;C:\WINDOWS;C:\WINDOWS\System32\Wbem;C:\Program Files\Smart Projects\IsoBuster;C:\Program Files\Skype\Phone\;C:\Python34\Scripts\;C:\Python34\;C:\Program Files\Git\cmd;C:\Program Files\Heroku\bin;C:\Program Files\nodejs\;C:\Program Files\Java\jdk1.7.0_51\bin\;C:\Documents and Settings\Admin\Application Data\npm;.
05-Nov-2016 07:28:51.421 INFO [main] org.apache.coyote.AbstractProtocol.init Initializing ProtocolHandler ["http-nio-80"]
05-Nov-2016 07:28:51.578 INFO [main] org.apache.tomcat.util.net.NioSelectorPool.getSharedSelector Using a shared selector for servlet write/read
05-Nov-2016 07:28:51.625 INFO [main] org.apache.coyote.AbstractProtocol.init Initializing ProtocolHandler ["ajp-nio-8009"]
05-Nov-2016 07:28:51.625 INFO [main] org.apache.tomcat.util.net.NioSelectorPool.getSharedSelector Using a shared selector for servlet write/read
05-Nov-2016 07:28:51.625 INFO [main] org.apache.catalina.startup.Catalina.load Initialization processed in 3142 ms
05-Nov-2016 07:28:51.875 INFO [main] org.apache.catalina.core.StandardService.startInternal Starting service Catalina
05-Nov-2016 07:28:51.875 INFO [main] org.apache.catalina.core.StandardEngine.startInternal Starting Servlet Engine: Apache Tomcat/8.5.6
05-Nov-2016 07:28:54.500 INFO [localhost-startStop-1] org.apache.jasper.servlet.TldScanner.scanJars At least one JAR was scanned for TLDs yet contained no TLDs. Enable debug logging for this logger for a complete list of JARs that were scanned but no TLDs were found in them. Skipping unneeded JARs during scanning can improve startup time and JSP compilation time.
05-Nov-2016 07:28:54.796 INFO [localhost-startStop-1] org.apache.catalina.util.SessionIdGeneratorBase.createSecureRandom Creation of SecureRandom instance for session ID generation using [SHA1PRNG] took [110] milliseconds.
05-Nov-2016 07:28:54.906 INFO [main] org.apache.coyote.AbstractProtocol.start Starting ProtocolHandler [http-nio-80]
05-Nov-2016 07:28:54.984 INFO [main] org.apache.coyote.AbstractProtocol.start Starting ProtocolHandler [ajp-nio-8009]
05-Nov-2016 07:28:54.984 INFO [main] org.apache.catalina.startup.Catalina.start Server startup in 3355 ms
05-Nov-2016 09:16:32.343 INFO [Thread-5] org.apache.coyote.AbstractProtocol.pause Pausing ProtocolHandler ["http-nio-80"]
05-Nov-2016 09:16:32.421 INFO [Thread-5] org.apache.coyote.AbstractProtocol.pause Pausing ProtocolHandler ["ajp-nio-8009"]
05-Nov-2016 09:16:32.484 INFO [Thread-5] org.apache.catalina.core.StandardService.stopInternal Stopping service Catalina
05-Nov-2016 09:16:32.625 INFO [Thread-5] org.apache.coyote.AbstractProtocol.stop Stopping ProtocolHandler ["http-nio-80"]
05-Nov-2016 09:16:32.640 INFO [Thread-5] org.apache.coyote.AbstractProtocol.stop Stopping ProtocolHandler ["ajp-nio-8009"]
05-Nov-2016 09:16:32.656 INFO [Thread-5] org.apache.coyote.AbstractProtocol.destroy Destroying ProtocolHandler ["http-nio-80"]
05-Nov-2016 09:16:32.656 INFO [Thread-5] org.apache.coyote.AbstractProtocol.destroy Destroying ProtocolHandler ["ajp-nio-8009"]
05-Nov-2016 18:48:06.015 INFO [main] org.apache.catalina.startup.VersionLoggerListener.log Server version:        Apache Tomcat/8.5.6
05-Nov-2016 18:48:06.031 INFO [main] org.apache.catalina.startup.VersionLoggerListener.log Server built:          Oct 6 2016 20:15:31 UTC
05-Nov-2016 18:48:06.031 INFO [main] org.apache.catalina.startup.VersionLoggerListener.log Server number:         8.5.6.0
05-Nov-2016 18:48:06.031 INFO [main] org.apache.catalina.startup.VersionLoggerListener.log OS Name:               Windows XP
05-Nov-2016 18:48:06.031 INFO [main] org.apache.catalina.startup.VersionLoggerListener.log OS Version:            5.1
05-Nov-2016 18:48:06.031 INFO [main] org.apache.catalina.startup.VersionLoggerListener.log Architecture:          x86
05-Nov-2016 18:48:06.031 INFO [main] org.apache.catalina.startup.VersionLoggerListener.log Java Home:             C:\Program Files\Java\jdk1.7.0_51\jre
05-Nov-2016 18:48:06.031 INFO [main] org.apache.catalina.startup.VersionLoggerListener.log JVM Version:           1.7.0_51-b13
05-Nov-2016 18:48:06.031 INFO [main] org.apache.catalina.startup.VersionLoggerListener.log JVM Vendor:            Oracle Corporation
05-Nov-2016 18:48:06.031 INFO [main] org.apache.catalina.startup.VersionLoggerListener.log CATALINA_BASE:         D:\ariezz\SoftServe_java\testservlet\apache-tomcat-8.5.6
05-Nov-2016 18:48:06.031 INFO [main] org.apache.catalina.startup.VersionLoggerListener.log CATALINA_HOME:         D:\ariezz\SoftServe_java\testservlet\apache-tomcat-8.5.6
05-Nov-2016 18:48:06.031 INFO [main] org.apache.catalina.startup.VersionLoggerListener.log Command line argument: -Djdk.tls.ephemeralDHKeySize=2048
05-Nov-2016 18:48:06.031 INFO [main] org.apache.catalina.startup.VersionLoggerListener.log Command line argument: -Djava.protocol.handler.pkgs=org.apache.catalina.webresources
05-Nov-2016 18:48:06.031 INFO [main] org.apache.catalina.startup.VersionLoggerListener.log Command line argument: -Djava.util.logging.config.file=D:\ariezz\SoftServe_java\testservlet\apache-tomcat-8.5.6\conf\logging.properties
05-Nov-2016 18:48:06.031 INFO [main] org.apache.catalina.startup.VersionLoggerListener.log Command line argument: -Djava.util.logging.manager=org.apache.juli.ClassLoaderLogManager
05-Nov-2016 18:48:06.031 INFO [main] org.apache.catalina.startup.VersionLoggerListener.log Command line argument: -Dcatalina.base=D:\ariezz\SoftServe_java\testservlet\apache-tomcat-8.5.6
05-Nov-2016 18:48:06.046 INFO [main] org.apache.catalina.startup.VersionLoggerListener.log Command line argument: -Dcatalina.home=D:\ariezz\SoftServe_java\testservlet\apache-tomcat-8.5.6
05-Nov-2016 18:48:06.046 INFO [main] org.apache.catalina.startup.VersionLoggerListener.log Command line argument: -Djava.io.tmpdir=D:\ariezz\SoftServe_java\testservlet\apache-tomcat-8.5.6\temp
05-Nov-2016 18:48:06.046 INFO [main] org.apache.catalina.core.AprLifecycleListener.lifecycleEvent The APR based Apache Tomcat Native library which allows optimal performance in production environments was not found on the java.library.path: C:\Program Files\Java\jdk1.7.0_51\bin;C:\WINDOWS\Sun\Java\bin;C:\WINDOWS\system32;C:\WINDOWS;C:\Documents and Settings\All Users\Application Data\Oracle\Java\javapath;C:\WINDOWS\system32;C:\WINDOWS;C:\WINDOWS\System32\Wbem;C:\Program Files\Smart Projects\IsoBuster;C:\Program Files\Skype\Phone\;C:\Python34\Scripts\;C:\Python34\;C:\Program Files\Git\cmd;C:\Program Files\Heroku\bin;C:\Program Files\nodejs\;C:\Program Files\Java\jdk1.7.0_51\bin\;C:\Documents and Settings\Admin\Application Data\npm;.
05-Nov-2016 18:48:06.968 INFO [main] org.apache.coyote.AbstractProtocol.init Initializing ProtocolHandler ["http-nio-80"]
05-Nov-2016 18:48:07.125 INFO [main] org.apache.tomcat.util.net.NioSelectorPool.getSharedSelector Using a shared selector for servlet write/read
05-Nov-2016 18:48:07.156 INFO [main] org.apache.coyote.AbstractProtocol.init Initializing ProtocolHandler ["ajp-nio-8009"]
05-Nov-2016 18:48:07.156 INFO [main] org.apache.tomcat.util.net.NioSelectorPool.getSharedSelector Using a shared selector for servlet write/read
05-Nov-2016 18:48:07.156 INFO [main] org.apache.catalina.startup.Catalina.load Initialization processed in 3151 ms
05-Nov-2016 18:48:07.390 INFO [main] org.apache.catalina.core.StandardService.startInternal Starting service Catalina
05-Nov-2016 18:48:07.390 INFO [main] org.apache.catalina.core.StandardEngine.startInternal Starting Servlet Engine: Apache Tomcat/8.5.6
05-Nov-2016 18:48:09.937 INFO [localhost-startStop-1] org.apache.jasper.servlet.TldScanner.scanJars At least one JAR was scanned for TLDs yet contained no TLDs. Enable debug logging for this logger for a complete list of JARs that were scanned but no TLDs were found in them. Skipping unneeded JARs during scanning can improve startup time and JSP compilation time.
05-Nov-2016 18:48:10.328 INFO [main] org.apache.coyote.AbstractProtocol.start Starting ProtocolHandler [http-nio-80]
05-Nov-2016 18:48:10.390 INFO [main] org.apache.coyote.AbstractProtocol.start Starting ProtocolHandler [ajp-nio-8009]
05-Nov-2016 18:48:10.390 INFO [main] org.apache.catalina.startup.Catalina.start Server startup in 3227 ms
05-Nov-2016 20:35:40.328 INFO [ContainerBackgroundProcessor[StandardEngine[Catalina]]] org.apache.catalina.core.StandardContext.reload Reloading Context with name [] has started
05-Nov-2016 20:35:40.468 WARNING [ContainerBackgroundProcessor[StandardEngine[Catalina]]] org.apache.catalina.loader.WebappClassLoaderBase.clearReferencesJdbc The web application [ROOT] registered the JDBC driver [com.mysql.jdbc.Driver] but failed to unregister it when the web application was stopped. To prevent a memory leak, the JDBC Driver has been forcibly unregistered.
05-Nov-2016 20:35:40.484 WARNING [ContainerBackgroundProcessor[StandardEngine[Catalina]]] org.apache.catalina.loader.WebappClassLoaderBase.clearReferencesThreads The web application [ROOT] appears to have started a thread named [Abandoned connection cleanup thread] but has failed to stop it. This is very likely to create a memory leak. Stack trace of thread:
 java.lang.Object.wait(Native Method)
 java.lang.ref.ReferenceQueue.remove(ReferenceQueue.java:135)
 com.mysql.jdbc.AbandonedConnectionCleanupThread.run(AbandonedConnectionCleanupThread.java:43)
05-Nov-2016 20:35:45.281 INFO [ContainerBackgroundProcessor[StandardEngine[Catalina]]] org.apache.catalina.core.StandardContext.reload Reloading Context with name [] is completed
05-Nov-2016 23:05:08.031 INFO [Thread-5] org.apache.coyote.AbstractProtocol.pause Pausing ProtocolHandler ["http-nio-80"]
05-Nov-2016 23:05:08.703 INFO [Thread-5] org.apache.coyote.AbstractProtocol.pause Pausing ProtocolHandler ["ajp-nio-8009"]
05-Nov-2016 23:05:08.781 INFO [Thread-5] org.apache.catalina.core.StandardService.stopInternal Stopping service Catalina
05-Nov-2016 23:05:09.531 WARNING [localhost-startStop-2] org.apache.catalina.loader.WebappClassLoaderBase.clearReferencesJdbc The web application [ROOT] registered the JDBC driver [com.mysql.jdbc.Driver] but failed to unregister it when the web application was stopped. To prevent a memory leak, the JDBC Driver has been forcibly unregistered.
05-Nov-2016 23:05:09.625 WARNING [localhost-startStop-2] org.apache.catalina.loader.WebappClassLoaderBase.clearReferencesThreads The web application [ROOT] appears to have started a thread named [Abandoned connection cleanup thread] but has failed to stop it. This is very likely to create a memory leak. Stack trace of thread:
 java.lang.Object.wait(Native Method)
 java.lang.ref.ReferenceQueue.remove(ReferenceQueue.java:135)
 com.mysql.jdbc.AbandonedConnectionCleanupThread.run(AbandonedConnectionCleanupThread.java:43)
05-Nov-2016 23:05:09.796 INFO [Thread-5] org.apache.coyote.AbstractProtocol.stop Stopping ProtocolHandler ["http-nio-80"]
05-Nov-2016 23:05:09.828 INFO [Thread-5] org.apache.coyote.AbstractProtocol.stop Stopping ProtocolHandler ["ajp-nio-8009"]
05-Nov-2016 23:05:09.906 INFO [Thread-5] org.apache.coyote.AbstractProtocol.destroy Destroying ProtocolHandler ["http-nio-80"]
05-Nov-2016 23:05:09.953 INFO [Thread-5] org.apache.coyote.AbstractProtocol.destroy Destroying ProtocolHandler ["ajp-nio-8009"]
05-Nov-2016 23:05:19.093 INFO [main] org.apache.catalina.startup.VersionLoggerListener.log Server version:        Apache Tomcat/8.5.6
05-Nov-2016 23:05:19.093 INFO [main] org.apache.catalina.startup.VersionLoggerListener.log Server built:          Oct 6 2016 20:15:31 UTC
05-Nov-2016 23:05:19.093 INFO [main] org.apache.catalina.startup.VersionLoggerListener.log Server number:         8.5.6.0
05-Nov-2016 23:05:19.093 INFO [main] org.apache.catalina.startup.VersionLoggerListener.log OS Name:               Windows XP
05-Nov-2016 23:05:19.109 INFO [main] org.apache.catalina.startup.VersionLoggerListener.log OS Version:            5.1
05-Nov-2016 23:05:19.109 INFO [main] org.apache.catalina.startup.VersionLoggerListener.log Architecture:          x86
05-Nov-2016 23:05:19.109 INFO [main] org.apache.catalina.startup.VersionLoggerListener.log Java Home:             C:\Program Files\Java\jdk1.7.0_51\jre
05-Nov-2016 23:05:19.109 INFO [main] org.apache.catalina.startup.VersionLoggerListener.log JVM Version:           1.7.0_51-b13
05-Nov-2016 23:05:19.109 INFO [main] org.apache.catalina.startup.VersionLoggerListener.log JVM Vendor:            Oracle Corporation
05-Nov-2016 23:05:19.109 INFO [main] org.apache.catalina.startup.VersionLoggerListener.log CATALINA_BASE:         D:\ariezz\SoftServe_java\testservlet\apache-tomcat-8.5.6
05-Nov-2016 23:05:19.109 INFO [main] org.apache.catalina.startup.VersionLoggerListener.log CATALINA_HOME:         D:\ariezz\SoftServe_java\testservlet\apache-tomcat-8.5.6
05-Nov-2016 23:05:19.125 INFO [main] org.apache.catalina.startup.VersionLoggerListener.log Command line argument: -Djdk.tls.ephemeralDHKeySize=2048
05-Nov-2016 23:05:19.125 INFO [main] org.apache.catalina.startup.VersionLoggerListener.log Command line argument: -Djava.protocol.handler.pkgs=org.apache.catalina.webresources
05-Nov-2016 23:05:19.125 INFO [main] org.apache.catalina.startup.VersionLoggerListener.log Command line argument: -Djava.util.logging.config.file=D:\ariezz\SoftServe_java\testservlet\apache-tomcat-8.5.6\conf\logging.properties
05-Nov-2016 23:05:19.125 INFO [main] org.apache.catalina.startup.VersionLoggerListener.log Command line argument: -Djava.util.logging.manager=org.apache.juli.ClassLoaderLogManager
05-Nov-2016 23:05:19.140 INFO [main] org.apache.catalina.startup.VersionLoggerListener.log Command line argument: -Dcatalina.base=D:\ariezz\SoftServe_java\testservlet\apache-tomcat-8.5.6
05-Nov-2016 23:05:19.140 INFO [main] org.apache.catalina.startup.VersionLoggerListener.log Command line argument: -Dcatalina.home=D:\ariezz\SoftServe_java\testservlet\apache-tomcat-8.5.6
05-Nov-2016 23:05:19.140 INFO [main] org.apache.catalina.startup.VersionLoggerListener.log Command line argument: -Djava.io.tmpdir=D:\ariezz\SoftServe_java\testservlet\apache-tomcat-8.5.6\temp
05-Nov-2016 23:05:19.140 INFO [main] org.apache.catalina.core.AprLifecycleListener.lifecycleEvent The APR based Apache Tomcat Native library which allows optimal performance in production environments was not found on the java.library.path: C:\Program Files\Java\jdk1.7.0_51\bin;C:\WINDOWS\Sun\Java\bin;C:\WINDOWS\system32;C:\WINDOWS;C:\Documents and Settings\All Users\Application Data\Oracle\Java\javapath;C:\WINDOWS\system32;C:\WINDOWS;C:\WINDOWS\System32\Wbem;C:\Program Files\Smart Projects\IsoBuster;C:\Program Files\Skype\Phone\;C:\Python34\Scripts\;C:\Python34\;C:\Program Files\Git\cmd;C:\Program Files\Heroku\bin;C:\Program Files\nodejs\;C:\Program Files\Java\jdk1.7.0_51\bin\;C:\Documents and Settings\Admin\Application Data\npm;.
05-Nov-2016 23:05:20.015 INFO [main] org.apache.coyote.AbstractProtocol.init Initializing ProtocolHandler ["http-nio-80"]
05-Nov-2016 23:05:20.609 INFO [main] org.apache.tomcat.util.net.NioSelectorPool.getSharedSelector Using a shared selector for servlet write/read
05-Nov-2016 23:05:20.656 INFO [main] org.apache.coyote.AbstractProtocol.init Initializing ProtocolHandler ["ajp-nio-8009"]
05-Nov-2016 23:05:20.656 INFO [main] org.apache.tomcat.util.net.NioSelectorPool.getSharedSelector Using a shared selector for servlet write/read
05-Nov-2016 23:05:20.671 INFO [main] org.apache.catalina.startup.Catalina.load Initialization processed in 3392 ms
05-Nov-2016 23:05:20.765 INFO [main] org.apache.catalina.core.StandardService.startInternal Starting service Catalina
05-Nov-2016 23:05:20.765 INFO [main] org.apache.catalina.core.StandardEngine.startInternal Starting Servlet Engine: Apache Tomcat/8.5.6
05-Nov-2016 23:05:23.031 INFO [localhost-startStop-1] org.apache.jasper.servlet.TldScanner.scanJars At least one JAR was scanned for TLDs yet contained no TLDs. Enable debug logging for this logger for a complete list of JARs that were scanned but no TLDs were found in them. Skipping unneeded JARs during scanning can improve startup time and JSP compilation time.
05-Nov-2016 23:05:23.328 INFO [localhost-startStop-1] org.apache.catalina.util.SessionIdGeneratorBase.createSecureRandom Creation of SecureRandom instance for session ID generation using [SHA1PRNG] took [110] milliseconds.
05-Nov-2016 23:05:23.484 INFO [main] org.apache.coyote.AbstractProtocol.start Starting ProtocolHandler [http-nio-80]
05-Nov-2016 23:05:23.500 INFO [main] org.apache.coyote.AbstractProtocol.start Starting ProtocolHandler [ajp-nio-8009]
05-Nov-2016 23:05:23.500 INFO [main] org.apache.catalina.startup.Catalina.start Server startup in 2841 ms
05-Nov-2016 23:20:43.234 INFO [ContainerBackgroundProcessor[StandardEngine[Catalina]]] org.apache.catalina.core.StandardContext.reload Reloading Context with name [] has started
05-Nov-2016 23:20:43.281 WARNING [ContainerBackgroundProcessor[StandardEngine[Catalina]]] org.apache.catalina.loader.WebappClassLoaderBase.clearReferencesJdbc The web application [ROOT] registered the JDBC driver [com.mysql.jdbc.Driver] but failed to unregister it when the web application was stopped. To prevent a memory leak, the JDBC Driver has been forcibly unregistered.
05-Nov-2016 23:20:43.281 WARNING [ContainerBackgroundProcessor[StandardEngine[Catalina]]] org.apache.catalina.loader.WebappClassLoaderBase.clearReferencesThreads The web application [ROOT] appears to have started a thread named [Abandoned connection cleanup thread] but has failed to stop it. This is very likely to create a memory leak. Stack trace of thread:
 java.lang.Object.wait(Native Method)
 java.lang.ref.ReferenceQueue.remove(ReferenceQueue.java:135)
 com.mysql.jdbc.AbandonedConnectionCleanupThread.run(AbandonedConnectionCleanupThread.java:43)
05-Nov-2016 23:20:43.828 INFO [ContainerBackgroundProcessor[StandardEngine[Catalina]]] org.apache.catalina.core.StandardContext.reload Reloading Context with name [] is completed
05-Nov-2016 23:28:50.750 INFO [ContainerBackgroundProcessor[StandardEngine[Catalina]]] org.apache.catalina.core.StandardContext.reload Reloading Context with name [] has started
05-Nov-2016 23:28:50.765 WARNING [ContainerBackgroundProcessor[StandardEngine[Catalina]]] org.apache.catalina.loader.WebappClassLoaderBase.clearReferencesJdbc The web application [ROOT] registered the JDBC driver [com.mysql.jdbc.Driver] but failed to unregister it when the web application was stopped. To prevent a memory leak, the JDBC Driver has been forcibly unregistered.
05-Nov-2016 23:28:50.765 WARNING [ContainerBackgroundProcessor[StandardEngine[Catalina]]] org.apache.catalina.loader.WebappClassLoaderBase.clearReferencesThreads The web application [ROOT] appears to have started a thread named [Abandoned connection cleanup thread] but has failed to stop it. This is very likely to create a memory leak. Stack trace of thread:
 java.lang.Object.wait(Native Method)
 java.lang.ref.ReferenceQueue.remove(ReferenceQueue.java:135)
 com.mysql.jdbc.AbandonedConnectionCleanupThread.run(AbandonedConnectionCleanupThread.java:43)
05-Nov-2016 23:28:51.765 INFO [ContainerBackgroundProcessor[StandardEngine[Catalina]]] org.apache.catalina.core.StandardContext.reload Reloading Context with name [] is completed
05-Nov-2016 23:48:07.515 INFO [main] org.apache.catalina.startup.VersionLoggerListener.log Server version:        Apache Tomcat/8.5.6
05-Nov-2016 23:48:07.531 INFO [main] org.apache.catalina.startup.VersionLoggerListener.log Server built:          Oct 6 2016 20:15:31 UTC
05-Nov-2016 23:48:07.531 INFO [main] org.apache.catalina.startup.VersionLoggerListener.log Server number:         8.5.6.0
05-Nov-2016 23:48:07.531 INFO [main] org.apache.catalina.startup.VersionLoggerListener.log OS Name:               Windows XP
05-Nov-2016 23:48:07.531 INFO [main] org.apache.catalina.startup.VersionLoggerListener.log OS Version:            5.1
05-Nov-2016 23:48:07.531 INFO [main] org.apache.catalina.startup.VersionLoggerListener.log Architecture:          x86
05-Nov-2016 23:48:07.531 INFO [main] org.apache.catalina.startup.VersionLoggerListener.log Java Home:             C:\Program Files\Java\jdk1.7.0_51\jre
05-Nov-2016 23:48:07.531 INFO [main] org.apache.catalina.startup.VersionLoggerListener.log JVM Version:           1.7.0_51-b13
05-Nov-2016 23:48:07.531 INFO [main] org.apache.catalina.startup.VersionLoggerListener.log JVM Vendor:            Oracle Corporation
05-Nov-2016 23:48:07.531 INFO [main] org.apache.catalina.startup.VersionLoggerListener.log CATALINA_BASE:         D:\ariezz\SoftServe_java\testservlet\apache-tomcat-8.5.6
05-Nov-2016 23:48:07.531 INFO [main] org.apache.catalina.startup.VersionLoggerListener.log CATALINA_HOME:         D:\ariezz\SoftServe_java\testservlet\apache-tomcat-8.5.6
05-Nov-2016 23:48:07.531 INFO [main] org.apache.catalina.startup.VersionLoggerListener.log Command line argument: -Djdk.tls.ephemeralDHKeySize=2048
05-Nov-2016 23:48:07.531 INFO [main] org.apache.catalina.startup.VersionLoggerListener.log Command line argument: -Djava.protocol.handler.pkgs=org.apache.catalina.webresources
05-Nov-2016 23:48:07.531 INFO [main] org.apache.catalina.startup.VersionLoggerListener.log Command line argument: -Djava.util.logging.config.file=D:\ariezz\SoftServe_java\testservlet\apache-tomcat-8.5.6\conf\logging.properties
05-Nov-2016 23:48:07.531 INFO [main] org.apache.catalina.startup.VersionLoggerListener.log Command line argument: -Djava.util.logging.manager=org.apache.juli.ClassLoaderLogManager
05-Nov-2016 23:48:07.531 INFO [main] org.apache.catalina.startup.VersionLoggerListener.log Command line argument: -Dcatalina.base=D:\ariezz\SoftServe_java\testservlet\apache-tomcat-8.5.6
05-Nov-2016 23:48:07.546 INFO [main] org.apache.catalina.startup.VersionLoggerListener.log Command line argument: -Dcatalina.home=D:\ariezz\SoftServe_java\testservlet\apache-tomcat-8.5.6
05-Nov-2016 23:48:07.546 INFO [main] org.apache.catalina.startup.VersionLoggerListener.log Command line argument: -Djava.io.tmpdir=D:\ariezz\SoftServe_java\testservlet\apache-tomcat-8.5.6\temp
05-Nov-2016 23:48:07.546 INFO [main] org.apache.catalina.core.AprLifecycleListener.lifecycleEvent The APR based Apache Tomcat Native library which allows optimal performance in production environments was not found on the java.library.path: C:\Program Files\Java\jdk1.7.0_51\bin;C:\WINDOWS\Sun\Java\bin;C:\WINDOWS\system32;C:\WINDOWS;C:\Documents and Settings\All Users\Application Data\Oracle\Java\javapath;C:\WINDOWS\system32;C:\WINDOWS;C:\WINDOWS\System32\Wbem;C:\Program Files\Smart Projects\IsoBuster;C:\Program Files\Skype\Phone\;C:\Python34\Scripts\;C:\Python34\;C:\Program Files\Git\cmd;C:\Program Files\Heroku\bin;C:\Program Files\nodejs\;C:\Program Files\Java\jdk1.7.0_51\bin\;C:\Documents and Settings\Admin\Application Data\npm;.
05-Nov-2016 23:48:08.906 INFO [main] org.apache.coyote.AbstractProtocol.init Initializing ProtocolHandler ["http-nio-80"]
05-Nov-2016 23:48:09.328 INFO [main] org.apache.tomcat.util.net.NioSelectorPool.getSharedSelector Using a shared selector for servlet write/read
05-Nov-2016 23:48:09.421 INFO [main] org.apache.coyote.AbstractProtocol.init Initializing ProtocolHandler ["ajp-nio-8009"]
05-Nov-2016 23:48:09.421 INFO [main] org.apache.tomcat.util.net.NioSelectorPool.getSharedSelector Using a shared selector for servlet write/read
05-Nov-2016 23:48:09.421 INFO [main] org.apache.catalina.startup.Catalina.load Initialization processed in 5198 ms
05-Nov-2016 23:48:09.828 INFO [main] org.apache.catalina.core.StandardService.startInternal Starting service Catalina
05-Nov-2016 23:48:09.828 INFO [main] org.apache.catalina.core.StandardEngine.startInternal Starting Servlet Engine: Apache Tomcat/8.5.6
05-Nov-2016 23:48:15.812 INFO [localhost-startStop-1] org.apache.jasper.servlet.TldScanner.scanJars At least one JAR was scanned for TLDs yet contained no TLDs. Enable debug logging for this logger for a complete list of JARs that were scanned but no TLDs were found in them. Skipping unneeded JARs during scanning can improve startup time and JSP compilation time.
05-Nov-2016 23:48:16.109 INFO [localhost-startStop-1] org.apache.catalina.util.SessionIdGeneratorBase.createSecureRandom Creation of SecureRandom instance for session ID generation using [SHA1PRNG] took [109] milliseconds.
05-Nov-2016 23:48:16.218 INFO [main] org.apache.coyote.AbstractProtocol.start Starting ProtocolHandler [http-nio-80]
05-Nov-2016 23:48:16.265 INFO [main] org.apache.coyote.AbstractProtocol.start Starting ProtocolHandler [ajp-nio-8009]
05-Nov-2016 23:48:16.281 INFO [main] org.apache.catalina.startup.Catalina.start Server startup in 6854 ms
05-Nov-2016 23:53:32.125 INFO [Thread-5] org.apache.coyote.AbstractProtocol.pause Pausing ProtocolHandler ["http-nio-80"]
05-Nov-2016 23:53:32.125 INFO [Thread-5] org.apache.coyote.AbstractProtocol.pause Pausing ProtocolHandler ["ajp-nio-8009"]
05-Nov-2016 23:53:32.171 INFO [Thread-5] org.apache.catalina.core.StandardService.stopInternal Stopping service Catalina
05-Nov-2016 23:53:32.281 WARNING [localhost-startStop-2] org.apache.catalina.loader.WebappClassLoaderBase.clearReferencesJdbc The web application [ROOT] registered the JDBC driver [com.mysql.jdbc.Driver] but failed to unregister it when the web application was stopped. To prevent a memory leak, the JDBC Driver has been forcibly unregistered.
05-Nov-2016 23:53:32.281 WARNING [localhost-startStop-2] org.apache.catalina.loader.WebappClassLoaderBase.clearReferencesThreads The web application [ROOT] appears to have started a thread named [Abandoned connection cleanup thread] but has failed to stop it. This is very likely to create a memory leak. Stack trace of thread:
 java.lang.Object.wait(Native Method)
 java.lang.ref.ReferenceQueue.remove(ReferenceQueue.java:135)
 com.mysql.jdbc.AbandonedConnectionCleanupThread.run(AbandonedConnectionCleanupThread.java:43)
05-Nov-2016 23:53:32.375 INFO [Thread-5] org.apache.coyote.AbstractProtocol.stop Stopping ProtocolHandler ["http-nio-80"]
05-Nov-2016 23:53:32.375 INFO [Thread-5] org.apache.coyote.AbstractProtocol.stop Stopping ProtocolHandler ["ajp-nio-8009"]
05-Nov-2016 23:53:32.375 INFO [Thread-5] org.apache.coyote.AbstractProtocol.destroy Destroying ProtocolHandler ["http-nio-80"]
05-Nov-2016 23:53:32.390 INFO [Thread-5] org.apache.coyote.AbstractProtocol.destroy Destroying ProtocolHandler ["ajp-nio-8009"]
05-Nov-2016 23:53:44.718 INFO [main] org.apache.catalina.startup.VersionLoggerListener.log Server version:        Apache Tomcat/8.5.6
05-Nov-2016 23:53:44.718 INFO [main] org.apache.catalina.startup.VersionLoggerListener.log Server built:          Oct 6 2016 20:15:31 UTC
05-Nov-2016 23:53:44.718 INFO [main] org.apache.catalina.startup.VersionLoggerListener.log Server number:         8.5.6.0
05-Nov-2016 23:53:44.718 INFO [main] org.apache.catalina.startup.VersionLoggerListener.log OS Name:               Windows XP
05-Nov-2016 23:53:44.718 INFO [main] org.apache.catalina.startup.VersionLoggerListener.log OS Version:            5.1
05-Nov-2016 23:53:44.718 INFO [main] org.apache.catalina.startup.VersionLoggerListener.log Architecture:          x86
05-Nov-2016 23:53:44.718 INFO [main] org.apache.catalina.startup.VersionLoggerListener.log Java Home:             C:\Program Files\Java\jdk1.7.0_51\jre
05-Nov-2016 23:53:44.718 INFO [main] org.apache.catalina.startup.VersionLoggerListener.log JVM Version:           1.7.0_51-b13
05-Nov-2016 23:53:44.718 INFO [main] org.apache.catalina.startup.VersionLoggerListener.log JVM Vendor:            Oracle Corporation
05-Nov-2016 23:53:44.718 INFO [main] org.apache.catalina.startup.VersionLoggerListener.log CATALINA_BASE:         D:\ariezz\SoftServe_java\testservlet\apache-tomcat-8.5.6
05-Nov-2016 23:53:44.718 INFO [main] org.apache.catalina.startup.VersionLoggerListener.log CATALINA_HOME:         D:\ariezz\SoftServe_java\testservlet\apache-tomcat-8.5.6
05-Nov-2016 23:53:44.734 INFO [main] org.apache.catalina.startup.VersionLoggerListener.log Command line argument: -Djdk.tls.ephemeralDHKeySize=2048
05-Nov-2016 23:53:44.734 INFO [main] org.apache.catalina.startup.VersionLoggerListener.log Command line argument: -Djava.protocol.handler.pkgs=org.apache.catalina.webresources
05-Nov-2016 23:53:44.734 INFO [main] org.apache.catalina.startup.VersionLoggerListener.log Command line argument: -Djava.util.logging.config.file=D:\ariezz\SoftServe_java\testservlet\apache-tomcat-8.5.6\conf\logging.properties
05-Nov-2016 23:53:44.734 INFO [main] org.apache.catalina.startup.VersionLoggerListener.log Command line argument: -Djava.util.logging.manager=org.apache.juli.ClassLoaderLogManager
05-Nov-2016 23:53:44.734 INFO [main] org.apache.catalina.startup.VersionLoggerListener.log Command line argument: -Dcatalina.base=D:\ariezz\SoftServe_java\testservlet\apache-tomcat-8.5.6
05-Nov-2016 23:53:44.734 INFO [main] org.apache.catalina.startup.VersionLoggerListener.log Command line argument: -Dcatalina.home=D:\ariezz\SoftServe_java\testservlet\apache-tomcat-8.5.6
05-Nov-2016 23:53:44.734 INFO [main] org.apache.catalina.startup.VersionLoggerListener.log Command line argument: -Djava.io.tmpdir=D:\ariezz\SoftServe_java\testservlet\apache-tomcat-8.5.6\temp
05-Nov-2016 23:53:44.750 INFO [main] org.apache.catalina.core.AprLifecycleListener.lifecycleEvent The APR based Apache Tomcat Native library which allows optimal performance in production environments was not found on the java.library.path: C:\Program Files\Java\jdk1.7.0_51\bin;C:\WINDOWS\Sun\Java\bin;C:\WINDOWS\system32;C:\WINDOWS;C:\Documents and Settings\All Users\Application Data\Oracle\Java\javapath;C:\WINDOWS\system32;C:\WINDOWS;C:\WINDOWS\System32\Wbem;C:\Program Files\Smart Projects\IsoBuster;C:\Program Files\Skype\Phone\;C:\Python34\Scripts\;C:\Python34\;C:\Program Files\Git\cmd;C:\Program Files\Heroku\bin;C:\Program Files\nodejs\;C:\Program Files\Java\jdk1.7.0_51\bin\;C:\Documents and Settings\Admin\Application Data\npm;.
05-Nov-2016 23:53:45.062 INFO [main] org.apache.coyote.AbstractProtocol.init Initializing ProtocolHandler ["http-nio-80"]
05-Nov-2016 23:53:45.437 INFO [main] org.apache.tomcat.util.net.NioSelectorPool.getSharedSelector Using a shared selector for servlet write/read
05-Nov-2016 23:53:45.453 INFO [main] org.apache.coyote.AbstractProtocol.init Initializing ProtocolHandler ["ajp-nio-8009"]
05-Nov-2016 23:53:45.453 INFO [main] org.apache.tomcat.util.net.NioSelectorPool.getSharedSelector Using a shared selector for servlet write/read
05-Nov-2016 23:53:45.453 INFO [main] org.apache.catalina.startup.Catalina.load Initialization processed in 1671 ms
05-Nov-2016 23:53:45.515 INFO [main] org.apache.catalina.core.StandardService.startInternal Starting service Catalina
05-Nov-2016 23:53:45.515 INFO [main] org.apache.catalina.core.StandardEngine.startInternal Starting Servlet Engine: Apache Tomcat/8.5.6
05-Nov-2016 23:53:46.890 INFO [localhost-startStop-1] org.apache.jasper.servlet.TldScanner.scanJars At least one JAR was scanned for TLDs yet contained no TLDs. Enable debug logging for this logger for a complete list of JARs that were scanned but no TLDs were found in them. Skipping unneeded JARs during scanning can improve startup time and JSP compilation time.
05-Nov-2016 23:53:47.062 INFO [main] org.apache.coyote.AbstractProtocol.start Starting ProtocolHandler [http-nio-80]
05-Nov-2016 23:53:47.140 INFO [main] org.apache.coyote.AbstractProtocol.start Starting ProtocolHandler [ajp-nio-8009]
05-Nov-2016 23:53:47.140 INFO [main] org.apache.catalina.startup.Catalina.start Server startup in 1676 ms
05-Nov-2016 23:55:28.921 INFO [ContainerBackgroundProcessor[StandardEngine[Catalina]]] org.apache.catalina.core.StandardContext.reload Reloading Context with name [] has started
05-Nov-2016 23:55:28.937 WARNING [ContainerBackgroundProcessor[StandardEngine[Catalina]]] org.apache.catalina.loader.WebappClassLoaderBase.clearReferencesJdbc The web application [ROOT] registered the JDBC driver [com.mysql.jdbc.Driver] but failed to unregister it when the web application was stopped. To prevent a memory leak, the JDBC Driver has been forcibly unregistered.
05-Nov-2016 23:55:28.937 WARNING [ContainerBackgroundProcessor[StandardEngine[Catalina]]] org.apache.catalina.loader.WebappClassLoaderBase.clearReferencesThreads The web application [ROOT] appears to have started a thread named [Abandoned connection cleanup thread] but has failed to stop it. This is very likely to create a memory leak. Stack trace of thread:
 java.lang.Object.wait(Native Method)
 java.lang.ref.ReferenceQueue.remove(ReferenceQueue.java:135)
 com.mysql.jdbc.AbandonedConnectionCleanupThread.run(AbandonedConnectionCleanupThread.java:43)
05-Nov-2016 23:55:29.687 INFO [ContainerBackgroundProcessor[StandardEngine[Catalina]]] org.apache.catalina.core.StandardContext.reload Reloading Context with name [] is completed
05-Nov-2016 23:57:17.812 INFO [Thread-5] org.apache.coyote.AbstractProtocol.pause Pausing ProtocolHandler ["http-nio-80"]
05-Nov-2016 23:57:17.875 INFO [Thread-5] org.apache.coyote.AbstractProtocol.pause Pausing ProtocolHandler ["ajp-nio-8009"]
05-Nov-2016 23:57:17.875 INFO [Thread-5] org.apache.catalina.core.StandardService.stopInternal Stopping service Catalina
05-Nov-2016 23:57:17.890 WARNING [localhost-startStop-2] org.apache.catalina.loader.WebappClassLoaderBase.clearReferencesJdbc The web application [ROOT] registered the JDBC driver [com.mysql.jdbc.Driver] but failed to unregister it when the web application was stopped. To prevent a memory leak, the JDBC Driver has been forcibly unregistered.
05-Nov-2016 23:57:17.890 WARNING [localhost-startStop-2] org.apache.catalina.loader.WebappClassLoaderBase.clearReferencesThreads The web application [ROOT] appears to have started a thread named [Abandoned connection cleanup thread] but has failed to stop it. This is very likely to create a memory leak. Stack trace of thread:
 java.lang.Object.wait(Native Method)
 java.lang.ref.ReferenceQueue.remove(ReferenceQueue.java:135)
 com.mysql.jdbc.AbandonedConnectionCleanupThread.run(AbandonedConnectionCleanupThread.java:43)
05-Nov-2016 23:57:17.890 INFO [Thread-5] org.apache.coyote.AbstractProtocol.stop Stopping ProtocolHandler ["http-nio-80"]
05-Nov-2016 23:57:17.906 INFO [Thread-5] org.apache.coyote.AbstractProtocol.stop Stopping ProtocolHandler ["ajp-nio-8009"]
05-Nov-2016 23:57:22.656 INFO [main] org.apache.catalina.startup.VersionLoggerListener.log Server version:        Apache Tomcat/8.5.6
05-Nov-2016 23:57:22.656 INFO [main] org.apache.catalina.startup.VersionLoggerListener.log Server built:          Oct 6 2016 20:15:31 UTC
05-Nov-2016 23:57:22.656 INFO [main] org.apache.catalina.startup.VersionLoggerListener.log Server number:         8.5.6.0
05-Nov-2016 23:57:22.656 INFO [main] org.apache.catalina.startup.VersionLoggerListener.log OS Name:               Windows XP
05-Nov-2016 23:57:22.656 INFO [main] org.apache.catalina.startup.VersionLoggerListener.log OS Version:            5.1
05-Nov-2016 23:57:22.718 INFO [main] org.apache.catalina.startup.VersionLoggerListener.log Architecture:          x86
05-Nov-2016 23:57:22.718 INFO [main] org.apache.catalina.startup.VersionLoggerListener.log Java Home:             C:\Program Files\Java\jdk1.7.0_51\jre
05-Nov-2016 23:57:22.718 INFO [main] org.apache.catalina.startup.VersionLoggerListener.log JVM Version:           1.7.0_51-b13
05-Nov-2016 23:57:22.718 INFO [main] org.apache.catalina.startup.VersionLoggerListener.log JVM Vendor:            Oracle Corporation
05-Nov-2016 23:57:22.718 INFO [main] org.apache.catalina.startup.VersionLoggerListener.log CATALINA_BASE:         D:\ariezz\SoftServe_java\testservlet\apache-tomcat-8.5.6
05-Nov-2016 23:57:22.718 INFO [main] org.apache.catalina.startup.VersionLoggerListener.log CATALINA_HOME:         D:\ariezz\SoftServe_java\testservlet\apache-tomcat-8.5.6
05-Nov-2016 23:57:22.718 INFO [main] org.apache.catalina.startup.VersionLoggerListener.log Command line argument: -Djdk.tls.ephemeralDHKeySize=2048
05-Nov-2016 23:57:22.734 INFO [main] org.apache.catalina.startup.VersionLoggerListener.log Command line argument: -Djava.protocol.handler.pkgs=org.apache.catalina.webresources
05-Nov-2016 23:57:22.734 INFO [main] org.apache.catalina.startup.VersionLoggerListener.log Command line argument: -Djava.util.logging.config.file=D:\ariezz\SoftServe_java\testservlet\apache-tomcat-8.5.6\conf\logging.properties
05-Nov-2016 23:57:22.734 INFO [main] org.apache.catalina.startup.VersionLoggerListener.log Command line argument: -Djava.util.logging.manager=org.apache.juli.ClassLoaderLogManager
05-Nov-2016 23:57:22.734 INFO [main] org.apache.catalina.startup.VersionLoggerListener.log Command line argument: -Dcatalina.base=D:\ariezz\SoftServe_java\testservlet\apache-tomcat-8.5.6
05-Nov-2016 23:57:22.734 INFO [main] org.apache.catalina.startup.VersionLoggerListener.log Command line argument: -Dcatalina.home=D:\ariezz\SoftServe_java\testservlet\apache-tomcat-8.5.6
05-Nov-2016 23:57:22.734 INFO [main] org.apache.catalina.startup.VersionLoggerListener.log Command line argument: -Djava.io.tmpdir=D:\ariezz\SoftServe_java\testservlet\apache-tomcat-8.5.6\temp
05-Nov-2016 23:57:22.734 INFO [main] org.apache.catalina.core.AprLifecycleListener.lifecycleEvent The APR based Apache Tomcat Native library which allows optimal performance in production environments was not found on the java.library.path: C:\Program Files\Java\jdk1.7.0_51\bin;C:\WINDOWS\Sun\Java\bin;C:\WINDOWS\system32;C:\WINDOWS;C:\Documents and Settings\All Users\Application Data\Oracle\Java\javapath;C:\WINDOWS\system32;C:\WINDOWS;C:\WINDOWS\System32\Wbem;C:\Program Files\Smart Projects\IsoBuster;C:\Program Files\Skype\Phone\;C:\Python34\Scripts\;C:\Python34\;C:\Program Files\Git\cmd;C:\Program Files\Heroku\bin;C:\Program Files\nodejs\;C:\Program Files\Java\jdk1.7.0_51\bin\;C:\Documents and Settings\Admin\Application Data\npm;.
05-Nov-2016 23:57:22.984 INFO [main] org.apache.coyote.AbstractProtocol.init Initializing ProtocolHandler ["http-nio-80"]
05-Nov-2016 23:57:23.109 INFO [main] org.apache.tomcat.util.net.NioSelectorPool.getSharedSelector Using a shared selector for servlet write/read
05-Nov-2016 23:57:23.125 INFO [main] org.apache.coyote.AbstractProtocol.init Initializing ProtocolHandler ["ajp-nio-8009"]
05-Nov-2016 23:57:23.125 INFO [main] org.apache.tomcat.util.net.NioSelectorPool.getSharedSelector Using a shared selector for servlet write/read
05-Nov-2016 23:57:23.125 INFO [main] org.apache.catalina.startup.Catalina.load Initialization processed in 1345 ms
05-Nov-2016 23:57:23.187 INFO [main] org.apache.catalina.core.StandardService.startInternal Starting service Catalina
05-Nov-2016 23:57:23.187 INFO [main] org.apache.catalina.core.StandardEngine.startInternal Starting Servlet Engine: Apache Tomcat/8.5.6
05-Nov-2016 23:57:24.875 INFO [localhost-startStop-1] org.apache.jasper.servlet.TldScanner.scanJars At least one JAR was scanned for TLDs yet contained no TLDs. Enable debug logging for this logger for a complete list of JARs that were scanned but no TLDs were found in them. Skipping unneeded JARs during scanning can improve startup time and JSP compilation time.
05-Nov-2016 23:57:25.062 INFO [main] org.apache.coyote.AbstractProtocol.start Starting ProtocolHandler [http-nio-80]
05-Nov-2016 23:57:25.125 INFO [main] org.apache.coyote.AbstractProtocol.start Starting ProtocolHandler [ajp-nio-8009]
05-Nov-2016 23:57:25.171 INFO [main] org.apache.catalina.startup.Catalina.start Server startup in 2038 ms
