04-Nov-2016 06:13:48.031 INFO [ContainerBackgroundProcessor[StandardEngine[Catalina]]] org.apache.catalina.core.StandardContext.reload Reloading Context with name [] has started
04-Nov-2016 06:13:48.515 INFO [ContainerBackgroundProcessor[StandardEngine[Catalina]]] org.apache.catalina.core.StandardContext.reload Reloading Context with name [] is completed
04-Nov-2016 06:35:29.171 INFO [Thread-5] org.apache.coyote.AbstractProtocol.pause Pausing ProtocolHandler ["http-nio-80"]
04-Nov-2016 06:35:29.453 INFO [Thread-5] org.apache.coyote.AbstractProtocol.pause Pausing ProtocolHandler ["ajp-nio-8009"]
04-Nov-2016 06:35:29.500 INFO [Thread-5] org.apache.catalina.core.StandardService.stopInternal Stopping service Catalina
04-Nov-2016 06:35:29.765 INFO [Thread-5] org.apache.coyote.AbstractProtocol.stop Stopping ProtocolHandler ["http-nio-80"]
04-Nov-2016 06:35:29.781 INFO [Thread-5] org.apache.coyote.AbstractProtocol.stop Stopping ProtocolHandler ["ajp-nio-8009"]
04-Nov-2016 06:35:29.843 INFO [Thread-5] org.apache.coyote.AbstractProtocol.destroy Destroying ProtocolHandler ["http-nio-80"]
04-Nov-2016 06:35:29.843 INFO [Thread-5] org.apache.coyote.AbstractProtocol.destroy Destroying ProtocolHandler ["ajp-nio-8009"]
04-Nov-2016 14:50:42.437 INFO [main] org.apache.catalina.startup.VersionLoggerListener.log Server version:        Apache Tomcat/8.5.6
04-Nov-2016 14:50:42.453 INFO [main] org.apache.catalina.startup.VersionLoggerListener.log Server built:          Oct 6 2016 20:15:31 UTC
04-Nov-2016 14:50:42.453 INFO [main] org.apache.catalina.startup.VersionLoggerListener.log Server number:         8.5.6.0
04-Nov-2016 14:50:42.453 INFO [main] org.apache.catalina.startup.VersionLoggerListener.log OS Name:               Windows XP
04-Nov-2016 14:50:42.453 INFO [main] org.apache.catalina.startup.VersionLoggerListener.log OS Version:            5.1
04-Nov-2016 14:50:42.453 INFO [main] org.apache.catalina.startup.VersionLoggerListener.log Architecture:          x86
04-Nov-2016 14:50:42.453 INFO [main] org.apache.catalina.startup.VersionLoggerListener.log Java Home:             C:\Program Files\Java\jdk1.7.0_51\jre
04-Nov-2016 14:50:42.453 INFO [main] org.apache.catalina.startup.VersionLoggerListener.log JVM Version:           1.7.0_51-b13
04-Nov-2016 14:50:42.453 INFO [main] org.apache.catalina.startup.VersionLoggerListener.log JVM Vendor:            Oracle Corporation
04-Nov-2016 14:50:42.453 INFO [main] org.apache.catalina.startup.VersionLoggerListener.log CATALINA_BASE:         D:\ariezz\SoftServe_java\testservlet\apache-tomcat-8.5.6
04-Nov-2016 14:50:42.453 INFO [main] org.apache.catalina.startup.VersionLoggerListener.log CATALINA_HOME:         D:\ariezz\SoftServe_java\testservlet\apache-tomcat-8.5.6
04-Nov-2016 14:50:42.453 INFO [main] org.apache.catalina.startup.VersionLoggerListener.log Command line argument: -Djdk.tls.ephemeralDHKeySize=2048
04-Nov-2016 14:50:42.453 INFO [main] org.apache.catalina.startup.VersionLoggerListener.log Command line argument: -Djava.protocol.handler.pkgs=org.apache.catalina.webresources
04-Nov-2016 14:50:42.484 INFO [main] org.apache.catalina.startup.VersionLoggerListener.log Command line argument: -Djava.util.logging.config.file=D:\ariezz\SoftServe_java\testservlet\apache-tomcat-8.5.6\conf\logging.properties
04-Nov-2016 14:50:42.484 INFO [main] org.apache.catalina.startup.VersionLoggerListener.log Command line argument: -Djava.util.logging.manager=org.apache.juli.ClassLoaderLogManager
04-Nov-2016 14:50:42.484 INFO [main] org.apache.catalina.startup.VersionLoggerListener.log Command line argument: -Dcatalina.base=D:\ariezz\SoftServe_java\testservlet\apache-tomcat-8.5.6
04-Nov-2016 14:50:42.500 INFO [main] org.apache.catalina.startup.VersionLoggerListener.log Command line argument: -Dcatalina.home=D:\ariezz\SoftServe_java\testservlet\apache-tomcat-8.5.6
04-Nov-2016 14:50:42.500 INFO [main] org.apache.catalina.startup.VersionLoggerListener.log Command line argument: -Djava.io.tmpdir=D:\ariezz\SoftServe_java\testservlet\apache-tomcat-8.5.6\temp
04-Nov-2016 14:50:42.500 INFO [main] org.apache.catalina.core.AprLifecycleListener.lifecycleEvent The APR based Apache Tomcat Native library which allows optimal performance in production environments was not found on the java.library.path: C:\Program Files\Java\jdk1.7.0_51\bin;C:\WINDOWS\Sun\Java\bin;C:\WINDOWS\system32;C:\WINDOWS;C:\Documents and Settings\All Users\Application Data\Oracle\Java\javapath;C:\WINDOWS\system32;C:\WINDOWS;C:\WINDOWS\System32\Wbem;C:\Program Files\Smart Projects\IsoBuster;C:\Program Files\Skype\Phone\;C:\Python34\Scripts\;C:\Python34\;C:\Program Files\Git\cmd;C:\Program Files\Heroku\bin;C:\Program Files\nodejs\;C:\Program Files\Java\jdk1.7.0_51\bin\;C:\Documents and Settings\Admin\Application Data\npm;.
04-Nov-2016 14:50:43.109 INFO [main] org.apache.coyote.AbstractProtocol.init Initializing ProtocolHandler ["http-nio-80"]
04-Nov-2016 14:50:43.625 INFO [main] org.apache.tomcat.util.net.NioSelectorPool.getSharedSelector Using a shared selector for servlet write/read
04-Nov-2016 14:50:43.687 INFO [main] org.apache.coyote.AbstractProtocol.init Initializing ProtocolHandler ["ajp-nio-8009"]
04-Nov-2016 14:50:43.703 INFO [main] org.apache.tomcat.util.net.NioSelectorPool.getSharedSelector Using a shared selector for servlet write/read
04-Nov-2016 14:50:43.703 INFO [main] org.apache.catalina.startup.Catalina.load Initialization processed in 3743 ms
04-Nov-2016 14:50:43.906 INFO [main] org.apache.catalina.core.StandardService.startInternal Starting service Catalina
04-Nov-2016 14:50:43.906 INFO [main] org.apache.catalina.core.StandardEngine.startInternal Starting Servlet Engine: Apache Tomcat/8.5.6
04-Nov-2016 14:50:46.531 INFO [main] org.apache.coyote.AbstractProtocol.start Starting ProtocolHandler [http-nio-80]
04-Nov-2016 14:50:46.656 INFO [main] org.apache.coyote.AbstractProtocol.start Starting ProtocolHandler [ajp-nio-8009]
04-Nov-2016 14:50:46.656 INFO [main] org.apache.catalina.startup.Catalina.start Server startup in 2952 ms
04-Nov-2016 14:51:57.000 INFO [ContainerBackgroundProcessor[StandardEngine[Catalina]]] org.apache.catalina.core.StandardContext.reload Reloading Context with name [] has started
04-Nov-2016 14:51:57.906 INFO [ContainerBackgroundProcessor[StandardEngine[Catalina]]] org.apache.catalina.core.StandardContext.reload Reloading Context with name [] is completed
04-Nov-2016 15:10:04.843 INFO [ContainerBackgroundProcessor[StandardEngine[Catalina]]] org.apache.catalina.core.StandardContext.reload Reloading Context with name [] has started
04-Nov-2016 15:10:05.515 INFO [ContainerBackgroundProcessor[StandardEngine[Catalina]]] org.apache.catalina.core.StandardContext.reload Reloading Context with name [] is completed
04-Nov-2016 15:11:05.578 INFO [ContainerBackgroundProcessor[StandardEngine[Catalina]]] org.apache.catalina.core.StandardContext.reload Reloading Context with name [] has started
04-Nov-2016 15:11:05.843 INFO [ContainerBackgroundProcessor[StandardEngine[Catalina]]] org.apache.catalina.core.StandardContext.reload Reloading Context with name [] is completed
04-Nov-2016 15:12:38.000 INFO [ContainerBackgroundProcessor[StandardEngine[Catalina]]] org.apache.catalina.core.StandardContext.reload Reloading Context with name [] has started
04-Nov-2016 15:12:39.234 INFO [ContainerBackgroundProcessor[StandardEngine[Catalina]]] org.apache.catalina.core.StandardContext.reload Reloading Context with name [] is completed
04-Nov-2016 15:17:30.656 INFO [ContainerBackgroundProcessor[StandardEngine[Catalina]]] org.apache.catalina.core.StandardContext.reload Reloading Context with name [] has started
04-Nov-2016 15:17:31.250 INFO [ContainerBackgroundProcessor[StandardEngine[Catalina]]] org.apache.catalina.core.StandardContext.reload Reloading Context with name [] is completed
04-Nov-2016 15:27:33.671 INFO [ContainerBackgroundProcessor[StandardEngine[Catalina]]] org.apache.catalina.core.StandardContext.reload Reloading Context with name [] has started
04-Nov-2016 15:27:34.171 INFO [ContainerBackgroundProcessor[StandardEngine[Catalina]]] org.apache.catalina.core.StandardContext.reload Reloading Context with name [] is completed
04-Nov-2016 15:27:34.859 INFO [Thread-5] org.apache.coyote.AbstractProtocol.pause Pausing ProtocolHandler ["http-nio-80"]
04-Nov-2016 15:27:35.031 INFO [Thread-5] org.apache.coyote.AbstractProtocol.pause Pausing ProtocolHandler ["ajp-nio-8009"]
04-Nov-2016 15:27:35.078 INFO [Thread-5] org.apache.catalina.core.StandardService.stopInternal Stopping service Catalina
04-Nov-2016 15:27:35.125 INFO [Thread-5] org.apache.coyote.AbstractProtocol.stop Stopping ProtocolHandler ["http-nio-80"]
04-Nov-2016 15:27:35.125 INFO [Thread-5] org.apache.coyote.AbstractProtocol.stop Stopping ProtocolHandler ["ajp-nio-8009"]
04-Nov-2016 15:27:35.125 INFO [Thread-5] org.apache.coyote.AbstractProtocol.destroy Destroying ProtocolHandler ["http-nio-80"]
04-Nov-2016 15:27:35.203 INFO [Thread-5] org.apache.coyote.AbstractProtocol.destroy Destroying ProtocolHandler ["ajp-nio-8009"]
04-Nov-2016 15:27:59.062 INFO [main] org.apache.catalina.startup.VersionLoggerListener.log Server version:        Apache Tomcat/8.5.6
04-Nov-2016 15:27:59.062 INFO [main] org.apache.catalina.startup.VersionLoggerListener.log Server built:          Oct 6 2016 20:15:31 UTC
04-Nov-2016 15:27:59.062 INFO [main] org.apache.catalina.startup.VersionLoggerListener.log Server number:         8.5.6.0
04-Nov-2016 15:27:59.062 INFO [main] org.apache.catalina.startup.VersionLoggerListener.log OS Name:               Windows XP
04-Nov-2016 15:27:59.078 INFO [main] org.apache.catalina.startup.VersionLoggerListener.log OS Version:            5.1
04-Nov-2016 15:27:59.078 INFO [main] org.apache.catalina.startup.VersionLoggerListener.log Architecture:          x86
04-Nov-2016 15:27:59.078 INFO [main] org.apache.catalina.startup.VersionLoggerListener.log Java Home:             C:\Program Files\Java\jdk1.7.0_51\jre
04-Nov-2016 15:27:59.078 INFO [main] org.apache.catalina.startup.VersionLoggerListener.log JVM Version:           1.7.0_51-b13
04-Nov-2016 15:27:59.078 INFO [main] org.apache.catalina.startup.VersionLoggerListener.log JVM Vendor:            Oracle Corporation
04-Nov-2016 15:27:59.078 INFO [main] org.apache.catalina.startup.VersionLoggerListener.log CATALINA_BASE:         D:\ariezz\SoftServe_java\testservlet\apache-tomcat-8.5.6
04-Nov-2016 15:27:59.078 INFO [main] org.apache.catalina.startup.VersionLoggerListener.log CATALINA_HOME:         D:\ariezz\SoftServe_java\testservlet\apache-tomcat-8.5.6
04-Nov-2016 15:27:59.078 INFO [main] org.apache.catalina.startup.VersionLoggerListener.log Command line argument: -Djdk.tls.ephemeralDHKeySize=2048
04-Nov-2016 15:27:59.078 INFO [main] org.apache.catalina.startup.VersionLoggerListener.log Command line argument: -Djava.protocol.handler.pkgs=org.apache.catalina.webresources
04-Nov-2016 15:27:59.078 INFO [main] org.apache.catalina.startup.VersionLoggerListener.log Command line argument: -Djava.util.logging.config.file=D:\ariezz\SoftServe_java\testservlet\apache-tomcat-8.5.6\conf\logging.properties
04-Nov-2016 15:27:59.078 INFO [main] org.apache.catalina.startup.VersionLoggerListener.log Command line argument: -Djava.util.logging.manager=org.apache.juli.ClassLoaderLogManager
04-Nov-2016 15:27:59.093 INFO [main] org.apache.catalina.startup.VersionLoggerListener.log Command line argument: -Dcatalina.base=D:\ariezz\SoftServe_java\testservlet\apache-tomcat-8.5.6
04-Nov-2016 15:27:59.093 INFO [main] org.apache.catalina.startup.VersionLoggerListener.log Command line argument: -Dcatalina.home=D:\ariezz\SoftServe_java\testservlet\apache-tomcat-8.5.6
04-Nov-2016 15:27:59.093 INFO [main] org.apache.catalina.startup.VersionLoggerListener.log Command line argument: -Djava.io.tmpdir=D:\ariezz\SoftServe_java\testservlet\apache-tomcat-8.5.6\temp
04-Nov-2016 15:27:59.093 INFO [main] org.apache.catalina.core.AprLifecycleListener.lifecycleEvent The APR based Apache Tomcat Native library which allows optimal performance in production environments was not found on the java.library.path: C:\Program Files\Java\jdk1.7.0_51\bin;C:\WINDOWS\Sun\Java\bin;C:\WINDOWS\system32;C:\WINDOWS;C:\Documents and Settings\All Users\Application Data\Oracle\Java\javapath;C:\WINDOWS\system32;C:\WINDOWS;C:\WINDOWS\System32\Wbem;C:\Program Files\Smart Projects\IsoBuster;C:\Program Files\Skype\Phone\;C:\Python34\Scripts\;C:\Python34\;C:\Program Files\Git\cmd;C:\Program Files\Heroku\bin;C:\Program Files\nodejs\;C:\Program Files\Java\jdk1.7.0_51\bin\;C:\Documents and Settings\Admin\Application Data\npm;.
04-Nov-2016 15:28:00.109 INFO [main] org.apache.coyote.AbstractProtocol.init Initializing ProtocolHandler ["http-nio-80"]
04-Nov-2016 15:28:00.453 INFO [main] org.apache.tomcat.util.net.NioSelectorPool.getSharedSelector Using a shared selector for servlet write/read
04-Nov-2016 15:28:00.468 INFO [main] org.apache.coyote.AbstractProtocol.init Initializing ProtocolHandler ["ajp-nio-8009"]
04-Nov-2016 15:28:00.468 INFO [main] org.apache.tomcat.util.net.NioSelectorPool.getSharedSelector Using a shared selector for servlet write/read
04-Nov-2016 15:28:00.468 INFO [main] org.apache.catalina.startup.Catalina.load Initialization processed in 3056 ms
04-Nov-2016 15:28:00.687 INFO [main] org.apache.catalina.core.StandardService.startInternal Starting service Catalina
04-Nov-2016 15:28:00.687 INFO [main] org.apache.catalina.core.StandardEngine.startInternal Starting Servlet Engine: Apache Tomcat/8.5.6
04-Nov-2016 15:28:02.859 INFO [main] org.apache.coyote.AbstractProtocol.start Starting ProtocolHandler [http-nio-80]
04-Nov-2016 15:28:02.984 INFO [main] org.apache.coyote.AbstractProtocol.start Starting ProtocolHandler [ajp-nio-8009]
04-Nov-2016 15:28:02.984 INFO [main] org.apache.catalina.startup.Catalina.start Server startup in 2515 ms
04-Nov-2016 15:29:04.984 INFO [ContainerBackgroundProcessor[StandardEngine[Catalina]]] org.apache.catalina.core.StandardContext.reload Reloading Context with name [] has started
04-Nov-2016 15:29:06.343 INFO [ContainerBackgroundProcessor[StandardEngine[Catalina]]] org.apache.catalina.core.StandardContext.reload Reloading Context with name [] is completed
04-Nov-2016 15:33:37.406 INFO [ContainerBackgroundProcessor[StandardEngine[Catalina]]] org.apache.catalina.core.StandardContext.reload Reloading Context with name [] has started
04-Nov-2016 15:33:37.843 INFO [ContainerBackgroundProcessor[StandardEngine[Catalina]]] org.apache.catalina.core.StandardContext.reload Reloading Context with name [] is completed
04-Nov-2016 15:33:57.921 INFO [ContainerBackgroundProcessor[StandardEngine[Catalina]]] org.apache.catalina.core.StandardContext.reload Reloading Context with name [] has started
04-Nov-2016 15:33:58.890 INFO [ContainerBackgroundProcessor[StandardEngine[Catalina]]] org.apache.catalina.core.StandardContext.reload Reloading Context with name [] is completed
04-Nov-2016 15:34:29.281 INFO [ContainerBackgroundProcessor[StandardEngine[Catalina]]] org.apache.catalina.core.StandardContext.reload Reloading Context with name [] has started
04-Nov-2016 15:34:29.828 INFO [ContainerBackgroundProcessor[StandardEngine[Catalina]]] org.apache.catalina.core.StandardContext.reload Reloading Context with name [] is completed
